Determining if the pthread_create exist failed with the following output:
Change Dir: /home/ros-industrial/scorbot1/build/CMakeFiles/CMakeTmp

Run Build Command:"/usr/bin/make" "cmTC_4b0b5/fast"
/usr/bin/make -f CMakeFiles/cmTC_4b0b5.dir/build.make CMakeFiles/cmTC_4b0b5.dir/build
make[1]: Entering directory '/home/ros-industrial/scorbot1/build/CMakeFiles/CMakeTmp'
Building C object CMakeFiles/cmTC_4b0b5.dir/CheckSymbolExists.c.o
/usr/bin/cc     -o CMakeFiles/cmTC_4b0b5.dir/CheckSymbolExists.c.o   -c /home/ros-industrial/scorbot1/build/CMakeFiles/CMakeTmp/CheckSymbolExists.c
Linking C executable cmTC_4b0b5
/usr/bin/cmake -E cmake_link_script CMakeFiles/cmTC_4b0b5.dir/link.txt --verbose=1
/usr/bin/cc       CMakeFiles/cmTC_4b0b5.dir/CheckSymbolExists.c.o  -o cmTC_4b0b5 -rdynamic 
CMakeFiles/cmTC_4b0b5.dir/CheckSymbolExists.c.o: In function `main':
CheckSymbolExists.c:(.text+0x16): undefined reference to `pthread_create'
collect2: error: ld returned 1 exit status
CMakeFiles/cmTC_4b0b5.dir/build.make:97: recipe for target 'cmTC_4b0b5' failed
make[1]: *** [cmTC_4b0b5] Error 1
make[1]: Leaving directory '/home/ros-industrial/scorbot1/build/CMakeFiles/CMakeTmp'
Makefile:126: recipe for target 'cmTC_4b0b5/fast' failed
make: *** [cmTC_4b0b5/fast] Error 2

File /home/ros-industrial/scorbot1/build/CMakeFiles/CMakeTmp/CheckSymbolExists.c:
/* */
#include <pthread.h>

int main(int argc, char** argv)
{
  (void)argv;
#ifndef pthread_create
  return ((int*)(&pthread_create))[argc];
#else
  (void)argc;
  return 0;
#endif
}

Determining if the function pthread_create exists in the pthreads failed with the following output:
Change Dir: /home/ros-industrial/scorbot1/build/CMakeFiles/CMakeTmp

Run Build Command:"/usr/bin/make" "cmTC_70286/fast"
/usr/bin/make -f CMakeFiles/cmTC_70286.dir/build.make CMakeFiles/cmTC_70286.dir/build
make[1]: Entering directory '/home/ros-industrial/scorbot1/build/CMakeFiles/CMakeTmp'
Building C object CMakeFiles/cmTC_70286.dir/CheckFunctionExists.c.o
/usr/bin/cc    -DCHECK_FUNCTION_EXISTS=pthread_create   -o CMakeFiles/cmTC_70286.dir/CheckFunctionExists.c.o   -c /usr/share/cmake-3.5/Modules/CheckFunctionExists.c
Linking C executable cmTC_70286
/usr/bin/cmake -E cmake_link_script CMakeFiles/cmTC_70286.dir/link.txt --verbose=1
/usr/bin/cc   -DCHECK_FUNCTION_EXISTS=pthread_create    CMakeFiles/cmTC_70286.dir/CheckFunctionExists.c.o  -o cmTC_70286 -rdynamic -lpthreads 
/usr/bin/ld: cannot find -lpthreads
collect2: error: ld returned 1 exit status
CMakeFiles/cmTC_70286.dir/build.make:97: recipe for target 'cmTC_70286' failed
make[1]: *** [cmTC_70286] Error 1
make[1]: Leaving directory '/home/ros-industrial/scorbot1/build/CMakeFiles/CMakeTmp'
Makefile:126: recipe for target 'cmTC_70286/fast' failed
make: *** [cmTC_70286/fast] Error 2


